<?xml version="1.0" encoding="UTF-8"?>
<testsuite xmlns:xsi="http://www.w3.org/2001/XMLSchema-instance" xsi:noNamespaceSchemaLocation="https://maven.apache.org/surefire/maven-surefire-plugin/xsd/surefire-test-report.xsd" name="br.com.dayanfcosta.revolut.moneytransfer.repository.impl.AccountRepositoryTest" time="3.842" tests="5" errors="0" skipped="1" failures="3">
  <properties>
    <property name="sun.desktop" value="windows"/>
    <property name="awt.toolkit" value="sun.awt.windows.WToolkit"/>
    <property name="java.specification.version" value="11"/>
    <property name="sun.cpu.isalist" value="amd64"/>
    <property name="sun.jnu.encoding" value="Cp1252"/>
    <property name="java.class.path" value="D:\GynApps\Testes\money-transfer\target\test-classes;D:\GynApps\Testes\money-transfer\target\classes;C:\Users\dayan.costa\.m2\repository\io\micronaut\micronaut-inject\1.2.0\micronaut-inject-1.2.0.jar;C:\Users\dayan.costa\.m2\repository\org\slf4j\slf4j-api\1.7.26\slf4j-api-1.7.26.jar;C:\Users\dayan.costa\.m2\repository\javax\annotation\javax.annotation-api\1.3.2\javax.annotation-api-1.3.2.jar;C:\Users\dayan.costa\.m2\repository\javax\inject\javax.inject\1\javax.inject-1.jar;C:\Users\dayan.costa\.m2\repository\io\micronaut\micronaut-core\1.2.0\micronaut-core-1.2.0.jar;C:\Users\dayan.costa\.m2\repository\org\reactivestreams\reactive-streams\1.0.2\reactive-streams-1.0.2.jar;C:\Users\dayan.costa\.m2\repository\com\google\code\findbugs\jsr305\3.0.2\jsr305-3.0.2.jar;C:\Users\dayan.costa\.m2\repository\org\yaml\snakeyaml\1.24\snakeyaml-1.24.jar;C:\Users\dayan.costa\.m2\repository\io\micronaut\micronaut-validation\1.2.0\micronaut-validation-1.2.0.jar;C:\Users\dayan.costa\.m2\repository\io\micronaut\micronaut-http\1.2.0\micronaut-http-1.2.0.jar;C:\Users\dayan.costa\.m2\repository\javax\validation\validation-api\2.0.1.Final\validation-api-2.0.1.Final.jar;C:\Users\dayan.costa\.m2\repository\io\micronaut\micronaut-runtime\1.2.0\micronaut-runtime-1.2.0.jar;C:\Users\dayan.costa\.m2\repository\io\micronaut\micronaut-aop\1.2.0\micronaut-aop-1.2.0.jar;C:\Users\dayan.costa\.m2\repository\com\fasterxml\jackson\core\jackson-databind\2.9.9\jackson-databind-2.9.9.jar;C:\Users\dayan.costa\.m2\repository\com\fasterxml\jackson\core\jackson-annotations\2.9.9\jackson-annotations-2.9.9.jar;C:\Users\dayan.costa\.m2\repository\com\fasterxml\jackson\core\jackson-core\2.9.9\jackson-core-2.9.9.jar;C:\Users\dayan.costa\.m2\repository\io\reactivex\rxjava2\rxjava\2.2.10\rxjava-2.2.10.jar;C:\Users\dayan.costa\.m2\repository\com\fasterxml\jackson\datatype\jackson-datatype-jdk8\2.9.9\jackson-datatype-jdk8-2.9.9.jar;C:\Users\dayan.costa\.m2\repository\com\fasterxml\jackson\datatype\jackson-datatype-jsr310\2.9.9\jackson-datatype-jsr310-2.9.9.jar;C:\Users\dayan.costa\.m2\repository\io\micronaut\micronaut-http-server-netty\1.2.0\micronaut-http-server-netty-1.2.0.jar;C:\Users\dayan.costa\.m2\repository\io\micronaut\micronaut-http-server\1.2.0\micronaut-http-server-1.2.0.jar;C:\Users\dayan.costa\.m2\repository\io\micronaut\micronaut-router\1.2.0\micronaut-router-1.2.0.jar;C:\Users\dayan.costa\.m2\repository\io\micronaut\micronaut-http-netty\1.2.0\micronaut-http-netty-1.2.0.jar;C:\Users\dayan.costa\.m2\repository\io\micronaut\micronaut-buffer-netty\1.2.0\micronaut-buffer-netty-1.2.0.jar;C:\Users\dayan.costa\.m2\repository\io\netty\netty-codec-http\4.1.38.Final\netty-codec-http-4.1.38.Final.jar;C:\Users\dayan.costa\.m2\repository\io\netty\netty-handler\4.1.38.Final\netty-handler-4.1.38.Final.jar;C:\Users\dayan.costa\.m2\repository\io\micronaut\micronaut-http-client\1.2.0\micronaut-http-client-1.2.0.jar;C:\Users\dayan.costa\.m2\repository\io\netty\netty-handler-proxy\4.1.38.Final\netty-handler-proxy-4.1.38.Final.jar;C:\Users\dayan.costa\.m2\repository\io\netty\netty-common\4.1.38.Final\netty-common-4.1.38.Final.jar;C:\Users\dayan.costa\.m2\repository\io\netty\netty-buffer\4.1.38.Final\netty-buffer-4.1.38.Final.jar;C:\Users\dayan.costa\.m2\repository\io\netty\netty-transport\4.1.38.Final\netty-transport-4.1.38.Final.jar;C:\Users\dayan.costa\.m2\repository\io\netty\netty-resolver\4.1.38.Final\netty-resolver-4.1.38.Final.jar;C:\Users\dayan.costa\.m2\repository\io\netty\netty-codec\4.1.38.Final\netty-codec-4.1.38.Final.jar;C:\Users\dayan.costa\.m2\repository\io\netty\netty-codec-socks\4.1.38.Final\netty-codec-socks-4.1.38.Final.jar;C:\Users\dayan.costa\.m2\repository\io\micronaut\micronaut-websocket\1.2.0\micronaut-websocket-1.2.0.jar;C:\Users\dayan.costa\.m2\repository\ch\qos\logback\logback-classic\1.2.3\logback-classic-1.2.3.jar;C:\Users\dayan.costa\.m2\repository\ch\qos\logback\logback-core\1.2.3\logback-core-1.2.3.jar;C:\Users\dayan.costa\.m2\repository\org\apache\commons\commons-lang3\3.9\commons-lang3-3.9.jar;C:\Users\dayan.costa\.m2\repository\org\junit\jupiter\junit-jupiter-api\5.5.1\junit-jupiter-api-5.5.1.jar;C:\Users\dayan.costa\.m2\repository\org\apiguardian\apiguardian-api\1.1.0\apiguardian-api-1.1.0.jar;C:\Users\dayan.costa\.m2\repository\org\opentest4j\opentest4j\1.2.0\opentest4j-1.2.0.jar;C:\Users\dayan.costa\.m2\repository\org\junit\platform\junit-platform-commons\1.5.1\junit-platform-commons-1.5.1.jar;C:\Users\dayan.costa\.m2\repository\org\junit\jupiter\junit-jupiter-engine\5.5.1\junit-jupiter-engine-5.5.1.jar;C:\Users\dayan.costa\.m2\repository\org\junit\platform\junit-platform-engine\1.5.1\junit-platform-engine-1.5.1.jar;C:\Users\dayan.costa\.m2\repository\io\micronaut\test\micronaut-test-junit5\1.1.0\micronaut-test-junit5-1.1.0.jar;C:\Users\dayan.costa\.m2\repository\io\micronaut\test\micronaut-test-core\1.1.0\micronaut-test-core-1.1.0.jar;C:\Users\dayan.costa\.m2\repository\org\assertj\assertj-core\3.12.2\assertj-core-3.12.2.jar;"/>
    <property name="java.vm.vendor" value="Oracle Corporation"/>
    <property name="sun.arch.data.model" value="64"/>
    <property name="user.variant" value=""/>
    <property name="java.vendor.url" value="http://java.oracle.com/"/>
    <property name="user.timezone" value="Europe/London"/>
    <property name="java.vm.specification.version" value="11"/>
    <property name="os.name" value="Windows 10"/>
    <property name="sun.java.launcher" value="SUN_STANDARD"/>
    <property name="user.country" value="US"/>
    <property name="sun.boot.library.path" value="C:\Program Files\Java\jdk-11.0.3\bin"/>
    <property name="sun.java.command" value="C:\Users\DAYAN~1.COS\AppData\Local\Temp\surefire10713180533115987791\surefirebooter4864564859695696084.jar C:\Users\dayan.costa\AppData\Local\Temp\surefire10713180533115987791 2019-09-06T19-12-22_373-jvmRun1 surefire13404833420630238836tmp surefire_06925149547326776239tmp"/>
    <property name="jdk.debug" value="release"/>
    <property name="surefire.test.class.path" value="D:\GynApps\Testes\money-transfer\target\test-classes;D:\GynApps\Testes\money-transfer\target\classes;C:\Users\dayan.costa\.m2\repository\io\micronaut\micronaut-inject\1.2.0\micronaut-inject-1.2.0.jar;C:\Users\dayan.costa\.m2\repository\org\slf4j\slf4j-api\1.7.26\slf4j-api-1.7.26.jar;C:\Users\dayan.costa\.m2\repository\javax\annotation\javax.annotation-api\1.3.2\javax.annotation-api-1.3.2.jar;C:\Users\dayan.costa\.m2\repository\javax\inject\javax.inject\1\javax.inject-1.jar;C:\Users\dayan.costa\.m2\repository\io\micronaut\micronaut-core\1.2.0\micronaut-core-1.2.0.jar;C:\Users\dayan.costa\.m2\repository\org\reactivestreams\reactive-streams\1.0.2\reactive-streams-1.0.2.jar;C:\Users\dayan.costa\.m2\repository\com\google\code\findbugs\jsr305\3.0.2\jsr305-3.0.2.jar;C:\Users\dayan.costa\.m2\repository\org\yaml\snakeyaml\1.24\snakeyaml-1.24.jar;C:\Users\dayan.costa\.m2\repository\io\micronaut\micronaut-validation\1.2.0\micronaut-validation-1.2.0.jar;C:\Users\dayan.costa\.m2\repository\io\micronaut\micronaut-http\1.2.0\micronaut-http-1.2.0.jar;C:\Users\dayan.costa\.m2\repository\javax\validation\validation-api\2.0.1.Final\validation-api-2.0.1.Final.jar;C:\Users\dayan.costa\.m2\repository\io\micronaut\micronaut-runtime\1.2.0\micronaut-runtime-1.2.0.jar;C:\Users\dayan.costa\.m2\repository\io\micronaut\micronaut-aop\1.2.0\micronaut-aop-1.2.0.jar;C:\Users\dayan.costa\.m2\repository\com\fasterxml\jackson\core\jackson-databind\2.9.9\jackson-databind-2.9.9.jar;C:\Users\dayan.costa\.m2\repository\com\fasterxml\jackson\core\jackson-annotations\2.9.9\jackson-annotations-2.9.9.jar;C:\Users\dayan.costa\.m2\repository\com\fasterxml\jackson\core\jackson-core\2.9.9\jackson-core-2.9.9.jar;C:\Users\dayan.costa\.m2\repository\io\reactivex\rxjava2\rxjava\2.2.10\rxjava-2.2.10.jar;C:\Users\dayan.costa\.m2\repository\com\fasterxml\jackson\datatype\jackson-datatype-jdk8\2.9.9\jackson-datatype-jdk8-2.9.9.jar;C:\Users\dayan.costa\.m2\repository\com\fasterxml\jackson\datatype\jackson-datatype-jsr310\2.9.9\jackson-datatype-jsr310-2.9.9.jar;C:\Users\dayan.costa\.m2\repository\io\micronaut\micronaut-http-server-netty\1.2.0\micronaut-http-server-netty-1.2.0.jar;C:\Users\dayan.costa\.m2\repository\io\micronaut\micronaut-http-server\1.2.0\micronaut-http-server-1.2.0.jar;C:\Users\dayan.costa\.m2\repository\io\micronaut\micronaut-router\1.2.0\micronaut-router-1.2.0.jar;C:\Users\dayan.costa\.m2\repository\io\micronaut\micronaut-http-netty\1.2.0\micronaut-http-netty-1.2.0.jar;C:\Users\dayan.costa\.m2\repository\io\micronaut\micronaut-buffer-netty\1.2.0\micronaut-buffer-netty-1.2.0.jar;C:\Users\dayan.costa\.m2\repository\io\netty\netty-codec-http\4.1.38.Final\netty-codec-http-4.1.38.Final.jar;C:\Users\dayan.costa\.m2\repository\io\netty\netty-handler\4.1.38.Final\netty-handler-4.1.38.Final.jar;C:\Users\dayan.costa\.m2\repository\io\micronaut\micronaut-http-client\1.2.0\micronaut-http-client-1.2.0.jar;C:\Users\dayan.costa\.m2\repository\io\netty\netty-handler-proxy\4.1.38.Final\netty-handler-proxy-4.1.38.Final.jar;C:\Users\dayan.costa\.m2\repository\io\netty\netty-common\4.1.38.Final\netty-common-4.1.38.Final.jar;C:\Users\dayan.costa\.m2\repository\io\netty\netty-buffer\4.1.38.Final\netty-buffer-4.1.38.Final.jar;C:\Users\dayan.costa\.m2\repository\io\netty\netty-transport\4.1.38.Final\netty-transport-4.1.38.Final.jar;C:\Users\dayan.costa\.m2\repository\io\netty\netty-resolver\4.1.38.Final\netty-resolver-4.1.38.Final.jar;C:\Users\dayan.costa\.m2\repository\io\netty\netty-codec\4.1.38.Final\netty-codec-4.1.38.Final.jar;C:\Users\dayan.costa\.m2\repository\io\netty\netty-codec-socks\4.1.38.Final\netty-codec-socks-4.1.38.Final.jar;C:\Users\dayan.costa\.m2\repository\io\micronaut\micronaut-websocket\1.2.0\micronaut-websocket-1.2.0.jar;C:\Users\dayan.costa\.m2\repository\ch\qos\logback\logback-classic\1.2.3\logback-classic-1.2.3.jar;C:\Users\dayan.costa\.m2\repository\ch\qos\logback\logback-core\1.2.3\logback-core-1.2.3.jar;C:\Users\dayan.costa\.m2\repository\org\apache\commons\commons-lang3\3.9\commons-lang3-3.9.jar;C:\Users\dayan.costa\.m2\repository\org\junit\jupiter\junit-jupiter-api\5.5.1\junit-jupiter-api-5.5.1.jar;C:\Users\dayan.costa\.m2\repository\org\apiguardian\apiguardian-api\1.1.0\apiguardian-api-1.1.0.jar;C:\Users\dayan.costa\.m2\repository\org\opentest4j\opentest4j\1.2.0\opentest4j-1.2.0.jar;C:\Users\dayan.costa\.m2\repository\org\junit\platform\junit-platform-commons\1.5.1\junit-platform-commons-1.5.1.jar;C:\Users\dayan.costa\.m2\repository\org\junit\jupiter\junit-jupiter-engine\5.5.1\junit-jupiter-engine-5.5.1.jar;C:\Users\dayan.costa\.m2\repository\org\junit\platform\junit-platform-engine\1.5.1\junit-platform-engine-1.5.1.jar;C:\Users\dayan.costa\.m2\repository\io\micronaut\test\micronaut-test-junit5\1.1.0\micronaut-test-junit5-1.1.0.jar;C:\Users\dayan.costa\.m2\repository\io\micronaut\test\micronaut-test-core\1.1.0\micronaut-test-core-1.1.0.jar;C:\Users\dayan.costa\.m2\repository\org\assertj\assertj-core\3.12.2\assertj-core-3.12.2.jar;"/>
    <property name="sun.cpu.endian" value="little"/>
    <property name="user.home" value="C:\Users\dayan.costa"/>
    <property name="user.language" value="en"/>
    <property name="java.specification.vendor" value="Oracle Corporation"/>
    <property name="java.version.date" value="2019-04-16"/>
    <property name="java.home" value="C:\Program Files\Java\jdk-11.0.3"/>
    <property name="file.separator" value="\"/>
    <property name="basedir" value="D:\GynApps\Testes\money-transfer"/>
    <property name="java.vm.compressedOopsMode" value="Zero based"/>
    <property name="line.separator" value="&#10;"/>
    <property name="java.specification.name" value="Java Platform API Specification"/>
    <property name="java.vm.specification.vendor" value="Oracle Corporation"/>
    <property name="java.awt.graphicsenv" value="sun.awt.Win32GraphicsEnvironment"/>
    <property name="surefire.real.class.path" value="C:\Users\DAYAN~1.COS\AppData\Local\Temp\surefire10713180533115987791\surefirebooter4864564859695696084.jar"/>
    <property name="user.script" value=""/>
    <property name="sun.management.compiler" value="HotSpot 64-Bit Tiered Compilers"/>
    <property name="java.runtime.version" value="11.0.3+12-LTS"/>
    <property name="user.name" value="dayan.costa"/>
    <property name="path.separator" value=";"/>
    <property name="os.version" value="10.0"/>
    <property name="java.runtime.name" value="Java(TM) SE Runtime Environment"/>
    <property name="file.encoding" value="Cp1252"/>
    <property name="java.vm.name" value="Java HotSpot(TM) 64-Bit Server VM"/>
    <property name="java.vendor.version" value="18.9"/>
    <property name="localRepository" value="C:\Users\dayan.costa\.m2\repository"/>
    <property name="java.vendor.url.bug" value="http://bugreport.java.com/bugreport/"/>
    <property name="java.io.tmpdir" value="C:\Users\DAYAN~1.COS\AppData\Local\Temp\"/>
    <property name="java.version" value="11.0.3"/>
    <property name="user.dir" value="D:\GynApps\Testes\money-transfer"/>
    <property name="os.arch" value="amd64"/>
    <property name="java.vm.specification.name" value="Java Virtual Machine Specification"/>
    <property name="java.awt.printerjob" value="sun.awt.windows.WPrinterJob"/>
    <property name="sun.os.patch.level" value=""/>
    <property name="idea.version2019.1" value="true"/>
    <property name="java.library.path" value="C:\Program Files\Java\jdk-11.0.3\bin;C:\WINDOWS\Sun\Java\bin;C:\WINDOWS\system32;C:\WINDOWS;C:\Program Files (x86)\Common Files\Oracle\Java\javapath;C:\ProgramData\DockerDesktop\version-bin;C:\Program Files\Docker\Docker\Resources\bin;C:\WINDOWS\system32;C:\WINDOWS;C:\WINDOWS\System32\Wbem;C:\WINDOWS\System32\WindowsPowerShell\v1.0\;C:\WINDOWS\System32\OpenSSH\;C:\Program Files (x86)\NVIDIA Corporation\PhysX\Common;C:\ProgramData\chocolatey\bin;C:\Program Files\Java\jdk1.8.0_181\bin;D:\Oracle\instantclient_12_2;C:\WINDOWS\system32;C:\WINDOWS;C:\WINDOWS\System32\Wbem;C:\WINDOWS\System32\WindowsPowerShell\v1.0\;C:\WINDOWS\System32\OpenSSH\;C:\Program Files\nodejs\;C:\Program Files (x86)\Bitvise SSH Client;C:\Program Files\Git\cmd;C:\Program Files\NVIDIA Corporation\NVIDIA NvDLISR;C:\Program Files (x86)\Intel\Intel(R) Management Engine Components\DAL;C:\Program Files\Intel\Intel(R) Management Engine Components\DAL;C:\Users\dayan.costa\AppData\Local\Microsoft\WindowsApps;C:\Users\dayan.costa\AppData\Local\Programs\Microsoft VS Code\bin;C:\Users\dayan.costa\AppData\Roaming\npm;C:\Users\dayan.costa\go\bin;;."/>
    <property name="java.vendor" value="Oracle Corporation"/>
    <property name="java.vm.info" value="mixed mode"/>
    <property name="java.vm.version" value="11.0.3+12-LTS"/>
    <property name="sun.io.unicode.encoding" value="UnicodeLittle"/>
    <property name="java.class.version" value="55.0"/>
  </properties>
  <testcase name="testFindByNumber" classname="br.com.dayanfcosta.revolut.moneytransfer.repository.impl.AccountRepositoryTest" time="0.012"/>
  <testcase name="testFindAll" classname="br.com.dayanfcosta.revolut.moneytransfer.repository.impl.AccountRepositoryTest" time="0.022">
    <failure message="&#10;Expected size:&lt;0&gt; but was:&lt;1&gt; in:&#10;&lt;[Account{number=&apos;1234&apos;, currency=&apos;EUR&apos;}]&gt;" type="java.lang.AssertionError"><![CDATA[java.lang.AssertionError: 

Expected size:<0> but was:<1> in:
<[Account{number='1234', currency='EUR'}]>
	at br.com.dayanfcosta.revolut.moneytransfer.repository.impl.AccountRepositoryTest.testFindAll(AccountRepositoryTest.java:57)
]]></failure>
  </testcase>
  <testcase name="testSave" classname="br.com.dayanfcosta.revolut.moneytransfer.repository.impl.AccountRepositoryTest" time="0.002">
    <failure message="&#10;Expected size:&lt;0&gt; but was:&lt;1&gt; in:&#10;&lt;[Account{number=&apos;1234&apos;, currency=&apos;EUR&apos;}]&gt;" type="java.lang.AssertionError"><![CDATA[java.lang.AssertionError: 

Expected size:<0> but was:<1> in:
<[Account{number='1234', currency='EUR'}]>
	at br.com.dayanfcosta.revolut.moneytransfer.repository.impl.AccountRepositoryTest.testSave(AccountRepositoryTest.java:46)
]]></failure>
  </testcase>
  <testcase name="testFindById" classname="br.com.dayanfcosta.revolut.moneytransfer.repository.impl.AccountRepositoryTest" time="0.003">
    <failure message="&#10;Expecting an empty Optional but was containing value: &lt;Account{number=&apos;1234&apos;, currency=&apos;EUR&apos;}&gt;." type="java.lang.AssertionError"><![CDATA[java.lang.AssertionError: 

Expecting an empty Optional but was containing value: <Account{number='1234', currency='EUR'}>.
	at br.com.dayanfcosta.revolut.moneytransfer.repository.impl.AccountRepositoryTest.testFindById(AccountRepositoryTest.java:35)
]]></failure>
  </testcase>
  <testcase name="testUpdate" classname="br.com.dayanfcosta.revolut.moneytransfer.repository.impl.AccountRepositoryTest" time="0">
    <skipped message="void br.com.dayanfcosta.revolut.moneytransfer.repository.impl.AccountRepositoryTest.testUpdate() is @Disabled"/>
  </testcase>
</testsuite>